{
    "DATE": "2019-04-15 13:37:23",
    "orderId": 1104,
    "history": [
        {
            "id": 2563,
            "createdAt": "2019-04-10 16:31:04",
            "created": true,
            "source": "api",
            "field": "status",
            "apiKey": {
                "current": true
            },
            "oldValue": null,
            "newValue": {
                "code": "new"
            },
            "order": {
                "slug": 1104,
                "id": 1104,
                "number": "1104A",
                "orderMethod": "shopping-cart",
                "createdAt": "2019-04-10 16:31:04",
                "statusUpdatedAt": "2019-04-10 16:31:04",
                "summ": 0,
                "totalSumm": 0,
                "prepaySum": 0,
                "purchaseSumm": 0,
                "markDatetime": "2019-04-10 16:31:04",
                "call": false,
                "expired": false,
                "customer": {
                    "segments": [
                        {
                            "id": 26,
                            "code": "bez-otmen",
                            "name": "Без отмен",
                            "createdAt": "2018-06-28 13:31:09",
                            "isDynamic": true,
                            "customersCount": 885,
                            "active": true
                        },
                        {
                            "id": 17,
                            "code": "nizkiy-ltv",
                            "name": "Низкий LTV",
                            "createdAt": "2018-06-28 13:31:09",
                            "isDynamic": true,
                            "customersCount": 840,
                            "active": true
                        },
                        {
                            "id": 31,
                            "code": "pol-ne-ukazan",
                            "name": "Пол не указан",
                            "createdAt": "2018-06-28 13:31:09",
                            "isDynamic": true,
                            "customersCount": 886,
                            "active": true
                        },
                        {
                            "id": 14,
                            "code": "malenkaya-summa-pokupok",
                            "name": "Маленькая сумма покупок",
                            "createdAt": "2018-06-28 13:31:09",
                            "isDynamic": true,
                            "customersCount": 854,
                            "active": true
                        },
                        {
                            "id": 9,
                            "code": "nedavnie",
                            "name": "Недавние",
                            "createdAt": "2018-06-28 13:31:09",
                            "isDynamic": true,
                            "customersCount": 764,
                            "active": true
                        },
                        {
                            "id": 20,
                            "code": "nizkiy-sredniy-chek",
                            "name": "Низкий средний чек",
                            "createdAt": "2018-06-28 13:31:09",
                            "isDynamic": true,
                            "customersCount": 875,
                            "active": true
                        }
                    ],
                    "id": 6473,
                    "email": "",
                    "phones": [],
                    "address": [],
                    "createdAt": "2019-04-10 16:31:04",
                    "vip": false,
                    "bad": false,
                    "site": "shops31-ru",
                    "contragent": {
                        "contragentType": "individual"
                    },
                    "personalDiscount": 0,
                    "cumulativeDiscount": 0,
                    "marginSumm": 0,
                    "totalSumm": 0,
                    "averageSumm": 0,
                    "ordersCount": 1,
                    "costSumm": 0,
                    "customFields": {
                        "field1": "123"
                    }
                },
                "contragent": {
                    "contragentType": "individual"
                },
                "delivery": {
                    "cost": 0,
                    "netCost": 0,
                    "date": "2019-01-01",
                    "time": {
                        "from": "13:00",
                        "to": "18:00"
                    },
                    "address": {
                        "countryIso": ""
                    }
                },
                "site": "shops31-ru",
                "status": "new",
                "fromApi": true,
                "shipmentStore": "sklad",
                "shipped": false,
                "customFields": {
                    "link": "https:\/\/shops31.retailcrm.ru"
                },
                "uploadedToExternalStoreSystem": false
            }
        },
        {
            "id": 2741,
            "createdAt": "2019-04-15 13:33:52",
            "source": "user",
            "user": {
                "id": 6
            },
            "field": "country",
            "oldValue": null,
            "newValue": "RU",
            "order": {
                "id": 1104,
                "site": "shops31-ru",
                "status": "new"
            }
        },
        {
            "id": 2742,
            "createdAt": "2019-04-15 13:33:52",
            "source": "user",
            "user": {
                "id": 6
            },
            "field": "first_name",
            "oldValue": null,
            "newValue": "Проверка",
            "order": {
                "id": 1104,
                "site": "shops31-ru",
                "status": "new"
            }
        },
        {
            "id": 2743,
            "createdAt": "2019-04-15 13:33:52",
            "source": "user",
            "user": {
                "id": 6
            },
            "field": "last_name",
            "oldValue": null,
            "newValue": "Истории",
            "order": {
                "id": 1104,
                "site": "shops31-ru",
                "status": "new"
            }
        },
        {
            "id": 2744,
            "createdAt": "2019-04-15 13:33:52",
            "source": "user",
            "user": {
                "id": 6
            },
            "field": "order_type",
            "oldValue": null,
            "newValue": {
                "code": "eshop-legal"
            },
            "order": {
                "id": 1104,
                "site": "shops31-ru",
                "status": "new"
            }
        },
        {
            "id": 2745,
            "createdAt": "2019-04-15 13:33:52",
            "source": "user",
            "user": {
                "id": 6
            },
            "field": "patronymic",
            "oldValue": null,
            "newValue": "Тестовая",
            "order": {
                "id": 1104,
                "site": "shops31-ru",
                "status": "new"
            }
        }
    ],
    "response": [
        200,
        true,
        "not errors"
    ]
}{
    "DATE": "2019-04-15 13:37:23",
    "orderId": 1103,
    "history": [
        {
            "id": 2562,
            "createdAt": "2019-04-10 16:29:20",
            "created": true,
            "source": "api",
            "field": "status",
            "apiKey": {
                "current": true
            },
            "oldValue": null,
            "newValue": {
                "code": "new"
            },
            "order": {
                "slug": 1103,
                "id": 1103,
                "number": "1103A",
                "orderMethod": "shopping-cart",
                "createdAt": "2019-04-10 16:29:20",
                "statusUpdatedAt": "2019-04-10 16:29:20",
                "summ": 0,
                "totalSumm": 0,
                "prepaySum": 0,
                "purchaseSumm": 0,
                "markDatetime": "2019-04-10 16:29:20",
                "call": false,
                "expired": false,
                "customer": {
                    "segments": [
                        {
                            "id": 26,
                            "code": "bez-otmen",
                            "name": "Без отмен",
                            "createdAt": "2018-06-28 13:31:09",
                            "isDynamic": true,
                            "customersCount": 885,
                            "active": true
                        },
                        {
                            "id": 17,
                            "code": "nizkiy-ltv",
                            "name": "Низкий LTV",
                            "createdAt": "2018-06-28 13:31:09",
                            "isDynamic": true,
                            "customersCount": 840,
                            "active": true
                        },
                        {
                            "id": 31,
                            "code": "pol-ne-ukazan",
                            "name": "Пол не указан",
                            "createdAt": "2018-06-28 13:31:09",
                            "isDynamic": true,
                            "customersCount": 886,
                            "active": true
                        },
                        {
                            "id": 14,
                            "code": "malenkaya-summa-pokupok",
                            "name": "Маленькая сумма покупок",
                            "createdAt": "2018-06-28 13:31:09",
                            "isDynamic": true,
                            "customersCount": 854,
                            "active": true
                        },
                        {
                            "id": 9,
                            "code": "nedavnie",
                            "name": "Недавние",
                            "createdAt": "2018-06-28 13:31:09",
                            "isDynamic": true,
                            "customersCount": 764,
                            "active": true
                        },
                        {
                            "id": 20,
                            "code": "nizkiy-sredniy-chek",
                            "name": "Низкий средний чек",
                            "createdAt": "2018-06-28 13:31:09",
                            "isDynamic": true,
                            "customersCount": 875,
                            "active": true
                        }
                    ],
                    "id": 6472,
                    "email": "",
                    "phones": [],
                    "address": [],
                    "createdAt": "2019-04-10 16:29:20",
                    "vip": false,
                    "bad": false,
                    "site": "shops31-ru",
                    "contragent": {
                        "contragentType": "individual"
                    },
                    "personalDiscount": 0,
                    "cumulativeDiscount": 0,
                    "marginSumm": 0,
                    "totalSumm": 0,
                    "averageSumm": 0,
                    "ordersCount": 1,
                    "costSumm": 0,
                    "customFields": {
                        "field1": "123"
                    }
                },
                "contragent": {
                    "contragentType": "individual"
                },
                "delivery": {
                    "cost": 0,
                    "netCost": 0,
                    "date": "2019-01-01",
                    "time": {
                        "from": "15:00",
                        "to": "16:00"
                    },
                    "address": {
                        "countryIso": ""
                    }
                },
                "site": "shops31-ru",
                "status": "new",
                "fromApi": true,
                "shipmentStore": "sklad",
                "shipped": false,
                "customFields": {
                    "link": "https:\/\/shops31.retailcrm.ru"
                },
                "uploadedToExternalStoreSystem": false
            }
        },
        {
            "id": 2738,
            "createdAt": "2019-04-15 13:33:32",
            "source": "user",
            "user": {
                "id": 6
            },
            "field": "country",
            "oldValue": null,
            "newValue": "RU",
            "order": {
                "id": 1103,
                "site": "shops31-ru",
                "status": "new"
            }
        },
        {
            "id": 2739,
            "createdAt": "2019-04-15 13:33:32",
            "source": "user",
            "user": {
                "id": 6
            },
            "field": "first_name",
            "oldValue": null,
            "newValue": "Новый заказ",
            "order": {
                "id": 1103,
                "site": "shops31-ru",
                "status": "new"
            }
        },
        {
            "id": 2740,
            "createdAt": "2019-04-15 13:33:32",
            "source": "user",
            "user": {
                "id": 6
            },
            "field": "order_type",
            "oldValue": null,
            "newValue": {
                "code": "eshop-individual"
            },
            "order": {
                "id": 1103,
                "site": "shops31-ru",
                "status": "new"
            }
        }
    ],
    "response": [
        200,
        true,
        "not errors"
    ]
}{
    "DATE": "2019-04-15 13:37:24",
    "orderId": 1102,
    "history": [
        {
            "id": 2561,
            "createdAt": "2019-04-10 16:28:38",
            "created": true,
            "source": "api",
            "field": "status",
            "apiKey": {
                "current": true
            },
            "oldValue": null,
            "newValue": {
                "code": "new"
            },
            "order": {
                "slug": 1102,
                "id": 1102,
                "number": "1102A",
                "orderMethod": "shopping-cart",
                "createdAt": "2019-04-10 16:28:37",
                "statusUpdatedAt": "2019-04-10 16:28:37",
                "summ": 0,
                "totalSumm": 0,
                "prepaySum": 0,
                "purchaseSumm": 0,
                "markDatetime": "2019-04-10 16:28:37",
                "call": false,
                "expired": false,
                "customer": {
                    "segments": [
                        {
                            "id": 26,
                            "code": "bez-otmen",
                            "name": "Без отмен",
                            "createdAt": "2018-06-28 13:31:09",
                            "isDynamic": true,
                            "customersCount": 885,
                            "active": true
                        },
                        {
                            "id": 17,
                            "code": "nizkiy-ltv",
                            "name": "Низкий LTV",
                            "createdAt": "2018-06-28 13:31:09",
                            "isDynamic": true,
                            "customersCount": 840,
                            "active": true
                        },
                        {
                            "id": 31,
                            "code": "pol-ne-ukazan",
                            "name": "Пол не указан",
                            "createdAt": "2018-06-28 13:31:09",
                            "isDynamic": true,
                            "customersCount": 886,
                            "active": true
                        },
                        {
                            "id": 14,
                            "code": "malenkaya-summa-pokupok",
                            "name": "Маленькая сумма покупок",
                            "createdAt": "2018-06-28 13:31:09",
                            "isDynamic": true,
                            "customersCount": 854,
                            "active": true
                        },
                        {
                            "id": 9,
                            "code": "nedavnie",
                            "name": "Недавние",
                            "createdAt": "2018-06-28 13:31:09",
                            "isDynamic": true,
                            "customersCount": 764,
                            "active": true
                        },
                        {
                            "id": 20,
                            "code": "nizkiy-sredniy-chek",
                            "name": "Низкий средний чек",
                            "createdAt": "2018-06-28 13:31:09",
                            "isDynamic": true,
                            "customersCount": 875,
                            "active": true
                        }
                    ],
                    "id": 6471,
                    "email": "",
                    "phones": [],
                    "address": [],
                    "createdAt": "2019-04-10 16:28:37",
                    "vip": false,
                    "bad": false,
                    "site": "shops31-ru",
                    "contragent": {
                        "contragentType": "individual"
                    },
                    "personalDiscount": 0,
                    "cumulativeDiscount": 0,
                    "marginSumm": 0,
                    "totalSumm": 0,
                    "averageSumm": 0,
                    "ordersCount": 1,
                    "costSumm": 0,
                    "customFields": {
                        "field1": "123"
                    }
                },
                "contragent": {
                    "contragentType": "individual"
                },
                "delivery": {
                    "cost": 0,
                    "netCost": 0,
                    "date": "2019-01-01",
                    "time": {
                        "from": "15:00",
                        "to": "16:00"
                    },
                    "address": {
                        "countryIso": ""
                    }
                },
                "site": "shops31-ru",
                "status": "new",
                "fromApi": true,
                "shipmentStore": "sklad",
                "shipped": false,
                "customFields": {
                    "link": "https:\/\/shops31.retailcrm.ru"
                },
                "uploadedToExternalStoreSystem": false
            }
        },
        {
            "id": 2735,
            "createdAt": "2019-04-15 13:33:11",
            "source": "user",
            "user": {
                "id": 6
            },
            "field": "country",
            "oldValue": null,
            "newValue": "RU",
            "order": {
                "id": 1102,
                "site": "shops31-ru",
                "status": "new"
            }
        },
        {
            "id": 2736,
            "createdAt": "2019-04-15 13:33:11",
            "source": "user",
            "user": {
                "id": 6
            },
            "field": "first_name",
            "oldValue": null,
            "newValue": "Тест",
            "order": {
                "id": 1102,
                "site": "shops31-ru",
                "status": "new"
            }
        },
        {
            "id": 2737,
            "createdAt": "2019-04-15 13:33:11",
            "source": "user",
            "user": {
                "id": 6
            },
            "field": "order_type",
            "oldValue": null,
            "newValue": {
                "code": "eshop-legal"
            },
            "order": {
                "id": 1102,
                "site": "shops31-ru",
                "status": "new"
            }
        }
    ],
    "response": [
        200,
        true,
        "not errors"
    ]
}